0 info it worked if it ends with ok
1 verbose cli [ 'C:\\Program Files\\nodejs\\node.exe',
1 verbose cli   'C:\\Program Files\\nodejs\\node_modules\\npm\\bin\\npm-cli.js',
1 verbose cli   'run',
1 verbose cli   'tsc',
1 verbose cli   '-w' ]
2 info using npm@4.0.5
3 info using node@v7.4.0
4 verbose run-script [ 'pretsc', 'tsc', 'posttsc' ]
5 info lifecycle meantodos@1.0.0~pretsc: meantodos@1.0.0
6 silly lifecycle meantodos@1.0.0~pretsc: no script for pretsc, continuing
7 info lifecycle meantodos@1.0.0~tsc: meantodos@1.0.0
8 verbose lifecycle meantodos@1.0.0~tsc: unsafe-perm in lifecycle true
9 verbose lifecycle meantodos@1.0.0~tsc: PATH: C:\Program Files\nodejs\node_modules\npm\bin\node-gyp-bin;C:\Users\Hitesh Gupta\Desktop\projects\MEAN-todos\client\node_modules\.bin;C:\ProgramData\Oracle\Java\javapath;C:\Program Files (x86)\ActiveState Komodo Edit 8\;C:\Windows\system32;C:\Windows;C:\Windows\System32\Wbem;C:\Windows\System32\WindowsPowerShell\v1.0\;C:\Program Files\Java\jdk8\bin;C:\Program Files (x86)\Brackets\command;C:\Windows\system32\config\systemprofile\.dnx\bin;C:\Program Files\Microsoft DNX\Dnvm\;C:\Program Files\MySQL\MySQL Utilities 1.6\;C:\Program Files\nodejs\;C:\Program Files\Java\jdk1.8.0_101\bin;C:\Users\Hitesh Gupta\AppData\Local\atom\bin;C:\Users\Hitesh Gupta\AppData\Roaming\npm;C:\Users\Hitesh Gupta\AppData\Local\GitHub\PortableGit_f02737a78695063deace08e96d5042710d3e32db\cmd\git.exe;C:\Program Files (x86)\Heroku\bin
10 verbose lifecycle meantodos@1.0.0~tsc: CWD: C:\Users\Hitesh Gupta\Desktop\projects\MEAN-todos\client
11 silly lifecycle meantodos@1.0.0~tsc: Args: [ '/d /s /c', 'tsc' ]
12 silly lifecycle meantodos@1.0.0~tsc: Returned: code: 2  signal: null
13 info lifecycle meantodos@1.0.0~tsc: Failed to exec tsc script
14 verbose stack Error: meantodos@1.0.0 tsc: `tsc`
14 verbose stack Exit status 2
14 verbose stack     at EventEmitter.<anonymous> (C:\Program Files\nodejs\node_modules\npm\lib\utils\lifecycle.js:279:16)
14 verbose stack     at emitTwo (events.js:106:13)
14 verbose stack     at EventEmitter.emit (events.js:191:7)
14 verbose stack     at ChildProcess.<anonymous> (C:\Program Files\nodejs\node_modules\npm\lib\utils\spawn.js:40:14)
14 verbose stack     at emitTwo (events.js:106:13)
14 verbose stack     at ChildProcess.emit (events.js:191:7)
14 verbose stack     at maybeClose (internal/child_process.js:885:16)
14 verbose stack     at Process.ChildProcess._handle.onexit (internal/child_process.js:226:5)
15 verbose pkgid meantodos@1.0.0
16 verbose cwd C:\Users\Hitesh Gupta\Desktop\projects\MEAN-todos\client
17 error Windows_NT 10.0.14393
18 error argv "C:\\Program Files\\nodejs\\node.exe" "C:\\Program Files\\nodejs\\node_modules\\npm\\bin\\npm-cli.js" "run" "tsc" "-w"
19 error node v7.4.0
20 error npm  v4.0.5
21 error code ELIFECYCLE
22 error meantodos@1.0.0 tsc: `tsc`
22 error Exit status 2
23 error Failed at the meantodos@1.0.0 tsc script 'tsc'.
23 error Make sure you have the latest version of node.js and npm installed.
23 error If you do, this is most likely a problem with the meantodos package,
23 error not with npm itself.
23 error Tell the author that this fails on your system:
23 error     tsc
23 error You can get information on how to open an issue for this project with:
23 error     npm bugs meantodos
23 error Or if that isn't available, you can get their info via:
23 error     npm owner ls meantodos
23 error There is likely additional logging output above.
24 verbose exit [ 1, true ]
